320	
331	
320	
331	
363	
363	
331	
363	
363	
363	
363	
363	
363	
43	
43	
43	
43	
320	
331	
331	
331	
320	
331	
363	
363	
331	
331	
43	
331	
331	
320	
331	
331	
331	
43	
363	
43	
43	
43	
43	
43	
43	
43	
43	
363	
363	
363	
320	
43	
331	
320	
320	
271	
320	
82	
320	
363	
82	
82	
82	
43	
43	
43	
43	
43	
43	
43	
363	
43	
82	
43	
82	
82	
82	
82	
82	
271	
320	
331	
82	
82	
82	
82	
82	
82	
254	
254	
254	
254	
82	
254	
254	
82	
82	
96	
96	
271	
96	
96	
271	
121	
96	
271	
96	
320	
320	
96	
82	
320	
271	
320	
82	
271	
82	
96	
271	
254	
254	
254	
82	
121	
156	
156	
121	
121	
156	
156	
271	
271	
82	
254	
254	
96	
82	
181	
121	
156	
181	
121	
121	
121	
156	
121	
156	
181	
181	
181	
181	
181	
181	
181	
121	
156	
181	
184	
156	
181	
184	
82	
184	
121	
121	
156	
184	
156	
181	
181	
181	
181	
181	
121	
156	
121	
181	
181	
181	
156	
156	
181	
181	
181	
181	
184	
184	
156	
121	
121	
184	
181	
121	
181	
121	
121	
121	
121	
121	
121	
181	
181	
181	
121	
156	
156	
181	
181	
181	
181	
181	
181	
184	
156	
181	
181	
181	
121	
121	
121	
156	
184	
181	
181	
181	
181	
181	
121	
121	
121	
181	
156	
181	
181	
181	
181	
181	
181	
121	
184	
156	
121	
181	
121	
121	
184	
184	
184	
156	
184	
156	
156	
121	
254	
254	
254	
254	
271	
96	
156	
254	
271	
254	
254	
271	
96	
254	
254	
96	
121	
96	
271	
96	
271	
254	
96	
96	
320	
254	
271	
96	
254	
254	
96	
271	
96	
96	
271	
96	
271	
96	
96	
271	
271	
271	
271	
271	
271	
271	
320	
320	
320	
331	
331	
331	
331	
320	
363	
43	
320	
320	
320	
320	
331	
320	
320	
271	
96	
331	
331	
331	
320	
320	
320	
320	
271	
320	
320	
320	
320	
320	
320	
331	
331	
363	
363	
363	
331	
363	
331	
331	
331	
363	
331	
331	
363	
331	
363	
331	
363	
331	
331	
331	
331	
331	
331	
331	
363	
331	
363	
363	
43	
363	
363	
363	
363	
43	
363	
